0.301522076687389
0.300385608304391
0.299289954460284
0.298230835398147
0.297204446344396
0.296206982525447
0.295234639167715
0.294296430546092
0.293362544459675
0.292441177904471
0.291528753566978
0.290621694133695
0.289716314557808
0.288808498859263
0.287894023324696
0.286968664240742
0.286028197894035
0.285068400571211
0.284085048558904
0.283073918143749
0.282030374774592
0.280948140549117
0.279820526727215
0.278640844568783
0.277402405333711
0.276098520281896
0.274722500673229
0.273269588377055
0.271742747700524
0.270146873560236
0.268486860872792
0.26676760455479
0.264993999522833
0.263170940693519
0.261303322983449
0.259396595545363
0.257458424476555
0.25549703011046
0.253520632780512
0.251537452820146
0.249555710562795
0.247583626341894
0.245627428506356
0.243685377467012
0.241753741650169
0.239828789482138
0.237906789389228
0.235984009797747
0.234056719134004
0.232121185824309
0.23017531768213
0.228223580069571
0.226272077735896
0.224326915430368
0.22239419790225
0.220480029900807
0.218590516175301
0.216730734196909
0.214901652324467
0.213103211638722
0.211335353220421
0.209598018150312
0.207891147509144
0.206214682377664
0.20456856383662
0.20295198397778
0.201361138936987
0.199791475861105
0.198238441896998
0.19669748419153
0.195164049891564
0.193633586143964
0.192101540095594
0.190563726111786
0.189017427431744
0.187460294513144
0.185889977813658
0.184304127790961
0.182700394902726
0.181076429606627
0.179430861792532
0.177766239079085
0.176086088517126
0.17439393715749
0.172693312051019
0.170987740248549
0.169280748800919
0.167575864758967
0.165877279083232
0.164191838373047
0.162527053137449
0.160890433885472
0.159289491126151
0.15773173536852
0.156224677121614
0.15477613486567
0.153395158965736
0.152091107758063
0.1508733395789
0.149751212764498
0.148734085651107
0.147831316574977
0.147052263872358
0.146406505689798
0.145904499415026
0.145556922246069
0.145374451380956
0.145367764017712
0.145547537354365
0.145924448588941
0.14651042287217
0.147322377165586
0.148378476383422
0.149696885439914
0.151295769249297
0.153193292725807
0.155407620783678
0.157956918337146
0.160858835359083
0.16412896205691
0.167782373696684
0.171834145544466
0.176299352866312
0.181193070928281
0.186530374996432
0.192325577823666
0.198589942110256
0.205333968043319
0.212568155809974
0.220303005597336
0.228549017592524
0.237316691982653
0.246616528954841
0.256456084246315
0.26683113579474
0.277734517087894
0.28915906161355
0.301097602859485
0.313542974313475
0.326488009463296
0.339921426138541
0.35381547953608
0.368138309194602
0.382858054652793
0.397942855449344
0.41336085112294
0.429080181212272
0.445068985256025
0.461292840334577
0.477707073695054
0.494264450126269
0.510917734417038
0.527619691356174
0.544323085732491
0.560980682334803
0.577545245951925
0.593973514859404
0.610238121279719
0.626315670922084
0.64218276949571
0.657816022709811
0.673192036273597
0.688287415896284
0.703079716938272
0.717550293364709
0.731681448791936
0.745455486836289
0.758854711114108
0.771861425241729
0.784457932835492
0.796626537511736
0.808352547904613
0.819633292719549
0.830469105679782
0.840860320508555
0.850807270929104
0.860310290664673
0.869369713438499
0.877988858075189
0.88618298380481
0.89397033495879
0.901369155868564
0.908397690865561
0.915074184281213
0.921416880446952
0.927444023694208
0.933172303802114
0.938612192340604
0.943772606327312
0.948662462779871
0.953290678715918
0.957666171153087
0.961797857109013
0.965693489644065
0.969356165989563
0.972787819419563
0.975990383208119
0.978965790629288
0.981715974957123
0.98424286946568
0.986548407429015
0.988635651238896
0.990512179757939
0.992186700966474
0.993667922844832
0.994964553373341
0.996085300532333
0.997038872302137
0.997833979415021
0.998479343611012
0.998983689382075
0.999355741220175
0.999604223617277
0.999737861065346
0.999765378056347
0.999695499082246
0.999537523217126
0.999303047863542
0.999004245006171
0.998653286629686
0.998262344718763
0.997843591258075
0.997409198232299
0.996971417062118
0.996542816912257
0.996136046383451
0.995763754076435
0.995438588591943
0.995173198530709
0.994980232493469
0.994872339080957
0.994858682039736
0.994934485699686
0.995091489536516
0.995321433025933
0.995616055643646
0.995967096865362
0.996366296166791
0.99680539302364
0.997274497683841
0.997757203484225
0.998235474533844
0.998691274941751
0.999106568816999
0.999463320268643
0.999743493405734
0.999928807190768
1
0.999937565063128
0.999721995609849
0.99933378486986
0.99875342607286
0.997961412448544
0.996938237226611
0.995665011833963
0.994125320486327
0.992303365596631
0.990183349577809
0.987749474842791
0.984985943804509
0.981876958875893
0.978408188487543
0.974571165140733
0.970358887354405
0.965764353647502
0.960780562538965
0.955400512547737
0.94961720219276
0.943423629992976
0.936816092314486
0.929804076912023
0.922400369387476
0.914617755342739
0.906469020379701
0.897966950100254
0.889124330106288
0.879954431959962
0.870472471064513
0.860694148783443
0.850635166480254
0.840311225518451
0.829738027261535
0.818931273073012
0.807906664316383
0.796682832820299
0.785290132273996
0.773761846831861
0.762131260648277
0.75043165787763
0.738696322674304
0.726958539192681
0.715250108988077
0.703596903219515
0.692023310446946
0.680553719230322
0.669212518129593
0.658024095704714
0.647012840515635
0.636203141122308
0.625615615855466
0.615255802128977
0.605125467127491
0.595226378035656
0.585560302038122
0.576129006319536
0.566934258064551
0.557976123736813
0.549247866915958
0.54074105046062
0.532447237229432
0.524357990081032
0.516464871874053
0.508759445467128
0.501233273718891
0.493880016977976
0.486701725553
0.47970254724258
0.472886629845331
0.466258121159868
0.459821168984809
0.45357992111877
0.447538525360365
0.441698527082621
0.436051061956201
0.43058466322618
0.425287864137632
0.42014919793563
0.415157197865248
0.41030039717156
0.405568218139395
0.400953639212599
0.396450527874774
0.392052751609521
0.387754177900442
0.38354867423114
0.379430108085214
0.375392346946268
0.371430646157583
0.367545812501167
0.363740040618707
0.360015525151893
0.356374460742411
0.352819042031951
0.3493514636622
0.345974691027779
0.342694772535038
0.339518527343258
0.336452774611723
0.333504333499715
0.330680023166515
0.327986662771406
0.325431071473669
0.323017717350986
0.320741664154627
0.318595624554258
0.31657231121955
0.314664436820169
0.312864714025784
0.311165855506062
0.309560679373462
0.308042425511596
0.306604439246868
0.305240065905681
0.303942650814436
0.302705539299538
