46 01-01
47 01-02
47 01-03
47 01-04
47 01-05
47 01-06
47 01-07
46 01-08
46 01-09
46 01-10
46 01-11
46 01-12
46 01-13
45 01-14
45 01-15
44 01-16
44 01-17
43 01-18
43 01-19
43 01-20
42 01-21
42 01-22
42 01-23
41 01-24
41 01-25
40 01-26
40 01-27
39 01-28
39 01-29
38 01-30
38 01-31
38 02-01
38 02-02
38 02-03
38 02-04
37 02-05
37 02-06
37 02-07
37 02-08
36 02-09
36 02-10
36 02-11
35 02-12
35 02-13
35 02-14
34 02-15
34 02-16
34 02-17
33 02-18
33 02-19
32 02-20
32 02-21
32 02-22
31 02-23
31 02-24
31 02-25
30 02-26
30 02-27
30 02-28
29 03-01
28 03-02
28 03-03
28 03-04
28 03-05
27 03-06
27 03-07
26 03-08
26 03-09
26 03-10
25 03-11
25 03-12
25 03-13
24 03-14
24 03-15
23 03-16
23 03-17
23 03-18
23 03-19
22 03-20
22 03-21
21 03-22
21 03-23
21 03-24
20 03-25
20 03-26
20 03-27
20 03-28
20 03-29
20 03-30
20 03-31
20 04-01
20 04-02
19 04-03
19 04-04
19 04-05
19 04-06
19 04-07
19 04-08
18 04-09
18 04-10
18 04-11
18 04-12
18 04-13
18 04-14
17 04-15
17 04-16
17 04-17
16 04-18
16 04-19
16 04-20
16 04-21
15 04-22
15 04-23
15 04-24
14 04-25
14 04-26
14 04-27
14 04-28
13 04-29
13 04-30
13 05-01
13 05-02
13 05-03
13 05-04
13 05-05
13 05-06
13 05-07
12 05-08
12 05-09
12 05-10
12 05-11
12 05-12
12 05-13
12 05-14
12 05-15
12 05-16
12 05-17
12 05-18
12 05-19
11 05-20
11 05-21
11 05-22
11 05-23
11 05-24
11 05-25
11 05-26
11 05-27
11 05-28
11 05-29
11 05-30
11 05-31
11 06-01
11 06-02
11 06-03
11 06-04
11 06-05
11 06-06
11 06-07
11 06-08
12 06-09
12 06-10
12 06-11
12 06-12
12 06-13
12 06-14
12 06-15
12 06-16
12 06-17
12 06-18
12 06-19
12 06-20
12 06-21
12 06-22
12 06-23
12 06-24
12 06-25
12 06-26
12 06-27
12 06-28
12 06-29
13 06-30
13 07-01
13 07-02
13 07-03
13 07-04
13 07-05
13 07-06
13 07-07
13 07-08
13 07-09
13 07-10
13 07-11
13 07-12
13 07-13
13 07-14
13 07-15
13 07-16
13 07-17
13 07-18
13 07-19
13 07-20
13 07-21
13 07-22
13 07-23
13 07-24
13 07-25
13 07-26
13 07-27
13 07-28
13 07-29
13 07-30
13 07-31
13 08-01
13 08-02
13 08-03
13 08-04
13 08-05
13 08-06
13 08-07
13 08-08
13 08-09
13 08-10
13 08-11
13 08-12
13 08-13
13 08-14
13 08-15
13 08-16
13 08-17
13 08-18
13 08-19
13 08-20
13 08-21
13 08-22
13 08-23
13 08-24
13 08-25
13 08-26
13 08-27
13 08-28
13 08-29
13 08-30
13 08-31
13 09-01
13 09-02
13 09-03
13 09-04
13 09-05
14 09-06
13 09-07
13 09-08
13 09-09
13 09-10
13 09-11
13 09-12
13 09-13
14 09-14
14 09-15
14 09-16
14 09-17
14 09-18
14 09-19
14 09-20
15 09-21
15 09-22
15 09-23
15 09-24
16 09-25
16 09-26
16 09-27
16 09-28
16 09-29
17 09-30
17 10-01
17 10-02
17 10-03
17 10-04
18 10-05
18 10-06
19 10-07
19 10-08
19 10-09
20 10-10
20 10-11
20 10-12
21 10-13
21 10-14
22 10-15
22 10-16
23 10-17
24 10-18
24 10-19
25 10-20
26 10-21
26 10-22
27 10-23
28 10-24
28 10-25
29 10-26
29 10-27
30 10-28
30 10-29
30 10-30
31 10-31
32 11-01
32 11-02
32 11-03
33 11-04
34 11-05
34 11-06
34 11-07
35 11-08
35 11-09
35 11-10
35 11-11
36 11-12
37 11-13
38 11-14
38 11-15
38 11-16
39 11-17
39 11-18
40 11-19
41 11-20
42 11-21
42 11-22
43 11-23
44 11-24
44 11-25
44 11-26
45 11-27
45 11-28
46 11-29
46 11-30
47 12-01
47 12-02
47 12-03
48 12-04
48 12-05
48 12-06
48 12-07
48 12-08
48 12-09
48 12-10
48 12-11
48 12-12
48 12-13
48 12-14
49 12-15
49 12-16
48 12-17
48 12-18
48 12-19
48 12-20
48 12-21
47 12-22
47 12-23
47 12-24
47 12-25
47 12-26
47 12-27
47 12-28
46 12-29
46 12-30
46 12-31
