15.0165782174311 1
15.12575249439 2
15.1358081315016 3
15.0745139114917 4
14.9313855062719 5
14.8323488481768 6
14.8485073517784 7
14.9563540424503 8
15.0149973836495 9
14.9824202559396 10
14.98814383789 11
14.8774354339837 12
14.8138317453992 13
14.7475382772951 14
14.5947352710454 15
14.4664082279911 16
14.357261648346 17
14.2890794825409 18
14.1703041664318 19
14.0692817439754 20
14.0008153751968 21
13.8762419427992 22
13.705772038944 23
13.726282189164 24
13.6208842467599 25
13.4292679086154 26
13.1579174021565 27
12.9644969151261 28
12.8346530790185 29
12.8934799354935 30
13.0568169035691 31
13.0022061625615 32
13.0376939147612 33
13.0436964425061 34
12.9355349518661 35
12.7926785942414 36
12.6589876422242 37
12.4430537585874 38
12.2329564103333 39
11.9736321606034 40
11.8082872528713 41
11.5951915066846 42
11.3693074010138 43
11.1252006239266 44
11.0286706838714 45
11.0454172490633 46
11.0135629778388 47
10.8656558326775 48
10.7156627542936 49
10.6358039410291 50
10.5232080061714 51
10.5099693239535 52
10.581269729926 53
10.5692204299083 54
10.5088995364546 55
10.5304598506851 56
10.5624770401097 57
10.5052302040388 58
10.5393180734605 59
10.5171494578792 60
10.4774576065376 61
10.3605134141522 62
10.1741393126529 63
10.0172801084012 64
9.97045302334434 65
9.91821692542312 66
9.78984556301843 67
9.582308741501 68
9.43484359909246 69
9.25620754858062 70
9.15567292876309 71
9.11938533813451 72
9.08416719774436 73
9.09753189728532 74
9.04765963630669 75
8.92414159030564 76
8.81955266096326 77
8.67039803028698 78
8.52079175635724 79
8.23961819161541 80
7.98119741305946 81
7.82607949161151 82
7.73638237364609 83
7.64115924138267 84
7.5988737296032 85
7.52725570652423 86
7.43843182349205 87
7.37638300501928 88
7.39651260673247 89
7.3935800535349 90
7.31189770542924 91
7.32080104831901 92
7.307538805982 93
7.36937818186358 94
7.36180746797888 95
7.32507794917336 96
7.3677344337738 97
7.51674995783081 98
7.61540273945995 99
7.60738147174703 100
7.62665331357317 101
7.64216800463969 102
7.61819587943496 103
7.53832555557074 104
7.51761255650453 105
7.44434973721058 106
7.31339269273381 107
7.11340446561835 108
6.95584403395708 109
6.86073876833065 110
6.73033599434086 111
6.64083703125203 112
6.57668345805848 113
6.48543238397944 114
6.44476088416452 115
6.47324248768295 116
6.49588255611883 117
6.45664515075285 118
6.40417427454426 119
6.37639557139786 120
6.31803191034223 121
6.21087612729921 122
6.15883072170665 123
6.13602362808695 124
6.117512094075 125
6.03818321637482 126
5.98320085548059 127
5.94050688915293 128
6.00769791025205 129
6.07164546047117 130
6.11688580699497 131
6.14998779280047 132
6.22367798814962 133
6.25696699247838 134
6.28885881508993 135
6.33280286276762 136
6.36816237857785 137
6.34206552106887 138
6.28989003898905 139
6.26019014120504 140
6.22643705436144 141
6.21279336920064 142
6.17914590959404 143
6.23632335811137 144
6.29105931197328 145
6.40350844774747 146
6.52115514511004 147
6.57675581576675 148
6.61505572669775 149
6.61364683323151 150
6.56686420551563 151
6.50425913050361 152
6.40913367014818 153
6.41438442328792 154
6.43901099994568 155
6.50431348960143 156
6.57232156251719 157
6.67058463171061 158
6.72957223849745 159
6.79900162415499 160
6.85400337025306 161
6.92906007682144 162
6.97722157379586 163
6.97066300199197 164
6.95873498770257 165
6.95549318894829 166
6.93259367107586 167
6.89421917769071 168
6.89946672351888 169
6.85792582691885 170
6.80160713530525 171
6.85639749850041 172
6.93503211904077 173
6.94813303531667 174
6.96127066878073 175
7.02285589546662 176
7.04793749216488 177
6.98732004617194 178
6.96011606507129 179
7.00473686883646 180
7.02582618606464 181
7.06785878271853 182
7.16385490071995 183
7.25933803306878 184
7.35594620891906 185
7.40737251475653 186
7.51363794110865 187
7.52971081602477 188
7.53125218027569 189
7.47195498965648 190
7.37672500241691 191
7.35299734126734 192
7.35626142471627 193
7.36036092905321 194
7.34025731450384 195
7.37450583344337 196
7.38017613476662 197
7.37816655841177 198
7.38738153982586 199
7.38064899488344 200
7.35603821372917 201
7.35018534539141 202
7.31175240417083 203
7.28846818685 204
7.25321901834839 205
7.20842656858657 206
7.21654249703245 207
7.19741753078964 208
7.21240503698587 209
7.25720649156428 210
7.28036211399069 211
7.29759444265427 212
7.35862219118063 213
7.38862668102114 214
7.34308371571619 215
7.28579802705069 216
7.24883249522377 217
7.23697477604814 218
7.20736495633964 219
7.19297954073183 220
7.19517826276405 221
7.20413767425429 222
7.20097755977336 223
7.22506261416453 224
7.25919623646077 225
7.33402983175495 226
7.33494663869205 227
7.35030695882835 228
7.36591070488816 229
7.42411792812763 230
7.44008498736619 231
7.44647858401797 232
7.42809680878674 233
7.4630292674162 234
7.48943458892377 235
7.47426298675089 236
7.49857803109504 237
7.49024230821312 238
7.496383532897 239
7.48608907910871 240
7.48386250435363 241
7.5144168983018 242
7.55515536216014 243
7.54338260084305 244
7.50022665385856 245
7.483826629108 246
7.47808975353179 247
7.49333159208334 248
7.50098571015091 249
7.5318400600618 250
7.54720108258929 251
7.54801087256876 252
7.59802422301116 253
7.65428803819986 254
7.65201942366485 255
7.64805678781865 256
7.66919360950389 257
7.73677429222553 258
7.79275962678862 259
7.85029537089937 260
7.92062610443354 261
7.99555929697479 262
8.06280081718305 263
8.09545443842406 264
8.13213883728149 265
8.23627013716436 266
8.30515282925404 267
8.32274084319385 268
8.37203020303386 269
8.40118384147944 270
8.41260559846902 271
8.47912368126434 272
8.46025970456544 273
8.47018434466774 274
8.45538615293784 275
8.42886013812426 276
8.44575776428328 277
8.48475667231859 278
8.52817103699813 279
8.5791526707603 280
8.61736364338035 281
8.6631385291045 282
8.72695481323654 283
8.84710131973809 284
8.98162060482066 285
9.05581054531133 286
9.07581445906604 287
9.07436251343237 288
9.13904899987482 289
9.26623375674795 290
9.40291723668165 291
9.55925721592128 292
9.62798642273627 293
9.71816316624075 294
9.81351512490242 295
9.90631703220495 296
9.97355647207783 297
10.0556210842732 298
10.174639070348 299
10.304852850763 300
10.4729297625413 301
10.52597703131 302
10.6515298103041 303
10.8485824223958 304
11.0512023970521 305
11.1942119498785 306
11.2647106040474 307
11.2673654820835 308
11.2689210031399 309
11.2539519170523 310
11.2791032921123 311
11.3156226384615 312
11.3757672280601 313
11.4868566682338 314
11.5489299826755 315
11.5864442240538 316
11.6863592895923 317
11.7471001105721 318
11.8640534186719 319
11.9761597402803 320
12.0776449609509 321
12.1226766042633 322
12.1774819331351 323
12.3175569539991 324
12.4503480221562 325
12.5351753376641 326
12.7319990833878 327
12.8658290892547 328
12.9041002658455 329
13.0389136413825 330
13.2375858510675 331
13.3677863816298 332
13.4301512487523 333
13.4642056951515 334
13.4519643269057 335
13.5362815424921 336
13.7767167642248 337
13.8942504759624 338
13.8700240153198 339
13.8540573035421 340
13.8816945912351 341
13.9285537392339 342
14.0195433478985 343
14.223467146083 344
14.3852339093486 345
14.465953935588 346
14.5199804792129 347
14.5869577833297 348
14.5968436097243 349
14.7157576796704 350
14.659830319136 351
14.5879667341398 352
14.5692298351162 353
14.5310909285721 354
14.6091911044094 355
14.7907015481701 356
15.0515579506062 357
15.1300163595991 358
15.0732823845718 359
14.9021812242066 360
14.7374129578749 361
14.6429967292916 362
14.6451613955377 363
14.7144596412568 364
14.7951563473408 365
